<?xml version="1.0" encoding="UTF-8"?>
<!-- Generated by org.testng.reporters.JUnitReportReporter -->
<testsuite skipped="0" hostname="DESKTOP-6R4TCBS" name="Academy.validateTitle" tests="1" failures="0" timestamp="29 May 2019 03:39:41 GMT" time="0.142" errors="0">
  <testcase name="basePageNavigation" time="0.142" classname="Academy.validateTitle"/>
</testsuite> <!-- Academy.validateTitle -->
