<?xml version="1.0" encoding="UTF-8"?>
<!-- Generated by org.testng.reporters.JUnitReportReporter -->
<testsuite skipped="0" hostname="DESKTOP-6R4TCBS" name="test.SimpleTestFactory" tests="2" failures="0" timestamp="16 Jun 2019 13:20:59 GMT" time="0.052" errors="0">
  <testcase name="simpleTest" time="0.049" classname="test.SimpleTestFactory"/>
  <testcase name="simpleTest" time="0.003" classname="test.SimpleTestFactory"/>
</testsuite> <!-- test.SimpleTestFactory -->
