<?xml version="1.0" encoding="UTF-8"?>
<!-- Generated by org.testng.reporters.JUnitReportReporter -->
<testsuite skipped="1" hostname="DESKTOP-6R4TCBS" name="Academy.Homepage" tests="7" failures="0" timestamp="27 Jun 2019 19:25:10 GMT" time="0.040" errors="0">
  <testcase name="test" time="0.002" classname="Academy.Homepage"/>
  <testcase name="test" time="0.004" classname="Academy.Homepage"/>
  <testcase name="test" time="0.003" classname="Academy.Homepage"/>
  <testcase name="test" time="0.003" classname="Academy.Homepage"/>
  <testcase name="test" time="0.025" classname="Academy.Homepage"/>
  <testcase name="test" time="0.003" classname="Academy.Homepage"/>
  <testcase name="basePageNavigation" classname="Academy.Homepage">
    <skipped/>
  </testcase> <!-- basePageNavigation -->
</testsuite> <!-- Academy.Homepage -->
