<?xml version="1.0" encoding="UTF-8"?>
<!-- Generated by org.testng.reporters.JUnitReportReporter -->
<testsuite skipped="1" hostname="DESKTOP-6R4TCBS" name="kheladdatest.VerifyCricketCat" tests="1" failures="0" timestamp="27 Apr 2019 10:32:18 GMT" time="0.000" errors="0">
  <testcase name="VerifyCricketBats" time="0.000" classname="kheladdatest.VerifyCricketCat">
    <skipped/>
  </testcase> <!-- VerifyCricketBats -->
</testsuite> <!-- kheladdatest.VerifyCricketCat -->
