<?xml version="1.0" encoding="UTF-8"?>
<!-- Generated by org.testng.reporters.JUnitReportReporter -->
<testsuite skipped="0" hostname="DESKTOP-6R4TCBS" name="test.TestDemo" tests="1" failures="0" timestamp="03 Jun 2018 10:56:43 GMT" time="14.684" errors="0">
  <testcase name="testhttp" time="14.684" classname="test.TestDemo"/>
</testsuite> <!-- test.TestDemo -->
